18:56:40 **** Incremental Build of configuration Debug for project uC_Template_Project ****
make all 
'Building file: ../APP/app.c'
'Invoking: ARM C Compiler 5'
armcc --cpu=Cortex-A9 --no_unaligned_access -Dsoc_cv_av -I"C:\Users\kgmills\Desktop\TestDE10\DE10_NANO_SoC_GHRD\software\uC_Template_Project\APP" -I"C:\Users\kgmills\Desktop\TestDE10\DE10_NANO_SoC_GHRD\software\uC_Template_Project\BSP" -I"C:\Users\kgmills\Desktop\TestDE10\DE10_NANO_SoC_GHRD\software\uC_Template_Project\BSP\OS" -I"C:\intelFPGA\17.0\embedded\ip\altera\hps\altera_hps\hwlib\include" -I"C:\intelFPGA\17.0\embedded\ip\altera\hps\altera_hps\hwlib\include\soc_cv_av" -I"C:\intelFPGA\17.0\embedded\ip\altera\hps\altera_hps\hwlib\include\soc_cv_av\socal" -I"C:\Users\kgmills\Desktop\TestDE10\DE10_NANO_SoC_GHRD\software\uC_Template_Project\HWLIBS" -I"C:\Users\kgmills\Desktop\TestDE10\DE10_NANO_SoC_GHRD\software\uC_Template_Project\uC-CPU\ARM-Cortex-A" -I"C:\Users\kgmills\Desktop\TestDE10\DE10_NANO_SoC_GHRD\software\uC_Template_Project\uC-CPU" -I"C:\Users\kgmills\Desktop\TestDE10\DE10_NANO_SoC_GHRD\software\uC_Template_Project\uC-LIBS" -I"C:\Users\kgmills\Desktop\TestDE10\DE10_NANO_SoC_GHRD\software\uC_Template_Project\uCOS-II\Ports" -I"C:\Users\kgmills\Desktop\TestDE10\DE10_NANO_SoC_GHRD\software\uC_Template_Project\uCOS-II\Source" --c99 --gnu -O0 -g --md --depend_format=unix_escaped --no_depend_system_headers --depend_dir="APP" -c -o "APP/app.o" "../APP/app.c"
'Finished building: ../APP/app.c'
' '
'Building target: uC_Template_Project.axf'
'Invoking: ARM Linker 5'
armlink --cpu=Cortex-A9 --entry=Start --scatter=""C:/Users/kgmills/Desktop/TestDE10/DE10_NANO_SoC_GHRD/software/uC_Template_Project/BSP/ARM_COMPILER/scatter.scat"" --info=sizes -o "uC_Template_Project.axf"  ./uCOS-II/Source/os_core.o ./uCOS-II/Source/os_dbg_r.o ./uCOS-II/Source/os_flag.o ./uCOS-II/Source/os_mbox.o ./uCOS-II/Source/os_mem.o ./uCOS-II/Source/os_mutex.o ./uCOS-II/Source/os_q.o ./uCOS-II/Source/os_sem.o ./uCOS-II/Source/os_task.o ./uCOS-II/Source/os_time.o ./uCOS-II/Source/os_tmr.o  ./uCOS-II/Ports/os_cpu_a_vfp-d32.o ./uCOS-II/Ports/os_cpu_c.o  ./uC-LIBS/lib_ascii.o ./uC-LIBS/lib_math.o ./uC-LIBS/lib_mem.o ./uC-LIBS/lib_str.o  ./uC-CPU/Cache/cpu_cache_armv7_generic_l1_l2c310_l2.o ./uC-CPU/Cache/cpu_cache_armv7_generic_l1_l2c310_l2_a.o  ./uC-CPU/ARM-Cortex-A/cpu_a.o  ./uC-CPU/cpu_core.o  ./HWLIBS/alt_16550_uart.o ./HWLIBS/alt_bridge_manager.o ./HWLIBS/alt_clock_manager.o ./HWLIBS/alt_fpga_manager.o  ./BSP/OS/bsp_os.o  ./BSP/ARM_Compiler/armv7a_tthelp.o ./BSP/ARM_Compiler/bsp_cache.o ./BSP/ARM_Compiler/startup.o  ./BSP/bsp.o ./BSP/bsp_int.o ./BSP/cpu_bsp.o  ./APP/app.o   

==============================================================================

Image component sizes


      Code (inc. data)   RO Data    RW Data    ZI Data      Debug   Object Name

       216         16          0          0      16384       2685   app.o
        96          0          0          0          0        580   armv7a_tthelp.o
       136         16          0          0          0       1729   bsp.o
       436          0          0          0          0        916   bsp_cache.o
       832         32          0          0       1024       5919   bsp_int.o
       280         12          0          0          0       3050   bsp_os.o
        96          0          0          0          0        800   cpu_a.o
       220          4          0          0          0       1344   cpu_bsp.o
        44         12          0          8          0        962   cpu_cache_armv7_generic_l1_l2c310_l2.o
       204          0          0          0          0        688   cpu_cache_armv7_generic_l1_l2c310_l2_a.o
       888         20        260          4          0       6988   cpu_core.o
         0          0          0          0          0      13608   lib_ascii.o
         0          0          0          0          0       1560   lib_math.o
      5136         76          0          4   16777236      27705   lib_mem.o
      5836        160        256         80      10920      24663   os_core.o
       988          0          0          0          0        568   os_cpu_a_vfp-d32.o
       608         36          0         12       4096      14865   os_cpu_c.o
       376        184        118          0          0      12241   os_dbg_r.o
      3768         36          0          0          0       7772   os_flag.o
      1096         16          0          0          0       3808   os_mem.o
      2916         28          0          0          0       6289   os_q.o
      3992         48          0          0          0       9080   os_task.o
       796         28          0          0          0       1990   os_time.o
       496         76          0          0          0        796   startup.o

    ----------------------------------------------------------------------
     29460        804        654        108   50409148     150606   Object Totals
         0          0         16          0   33599488          0   (incl. Generated)
         4          4          4          0          0          0   (incl. Padding)

    ----------------------------------------------------------------------

      Code (inc. data)   RO Data    RW Data    ZI Data      Debug   Library Member Name

         8          0          0          0          0         68   __main.o
         0          0          0          0          0          0   __rtentry.o
        12          0          0          0          0          0   __rtentry2.o
         8          4          0          0          0          0   __rtentry6.o
        52          8          0          0          0          0   __scatter.o
        28          0          0          0          0          0   __scatter_zi.o
       416          0          0          0          0        144   aeabi_sdiv.o
        18          0          0          0          0         80   exit.o
         0          0          0          0          0          0   indicate_semi.o
         2          0          0          0          0          0   libinit.o
         6          0          0          0          0          0   libinit2.o
         2          0          0          0          0          0   libshutdown.o
         2          0          0          0          0          0   libshutdown2.o
       816         64          0          0          0         84   lludiv5.o
         2          0          0          0          0          0   rtexit.o
        10          0          0          0          0          0   rtexit2.o
        12          4          0          0          0         68   sys_exit.o
         2          0          0          0          0         68   use_no_semi.o
        10          0          0          0          0        116   fpinit.o

    ----------------------------------------------------------------------
      1410         80          0          0          0        628   Library Totals
         4          0          0          0          0          0   (incl. Padding)

    ----------------------------------------------------------------------

      Code (inc. data)   RO Data    RW Data    ZI Data      Debug   Library Name

      1396         80          0          0          0        512   c_2.l
        10          0          0          0          0        116   fz_2v.l

    ----------------------------------------------------------------------
      1410         80          0          0          0        628   Library Totals

    ----------------------------------------------------------------------

==============================================================================


      Code (inc. data)   RO Data    RW Data    ZI Data      Debug   

     30870        884        654        108   50409148     147022   Grand Totals
     30870        884        654        108   50409148     147022   ELF Image Totals
     30870        884        654        108          0          0   ROM Totals

==============================================================================

    Total RO  Size (Code + RO Data)                31524 (  30.79kB)
    Total RW  Size (RW Data + ZI Data)          50409256 (49227.79kB)
    Total ROM Size (Code + RO Data + RW Data)      31632 (  30.89kB)

==============================================================================

'Finished building target: uC_Template_Project.axf'
' '

18:56:41 Build Finished (took 1s.543ms)

